INFO	2024/06/06 12:51:43 starting server on :4000
INFO	2024/06/06 12:51:48 At Home
INFO	2024/06/06 12:41:58 Deleted Task of ID: 61
INFO	2024/06/06 12:41:58 At Home
INFO	2024/06/06 12:41:59 Deleted Task of ID: 62
INFO	2024/06/06 12:41:59 At Home
INFO	2024/06/06 12:42:02 At Home
INFO	2024/06/06 12:42:03 At Home
INFO	2024/06/06 12:42:04 At Home
INFO	2024/06/06 12:42:06 Added a Task ID:4, TaskName: zsxzs, Details: sxzsx
INFO	2024/06/06 12:42:06 At Home
INFO	2024/06/06 12:42:10 At Home
INFO	2024/06/06 12:42:11 Deleted Task of ID: 63
INFO	2024/06/06 12:42:11 At Home
024/06/06 12:30:08 Deleted Task of ID: 57
INFO	2024/06/06 12:30:08 At Home
INFO	2024/06/06 12:30:31 At Home
INFO	2024/06/06 12:30:34 At Home
INFO	2024/06/06 12:30:49 At Home
INFO	2024/06/06 12:30:52 Added a Task ID:60, TaskName: zsx, Details: zsx
INFO	2024/06/06 12:30:52 At Home
INFO	2024/06/06 12:30:58 At Home
INFO	2024/06/06 12:31:18 Added a Task ID:60, TaskName: wwww, Details: wwww
INFO	2024/06/06 12:31:18 At Home
INFO	2024/06/06 12:31:20 Deleted Task of ID: 60
INFO	2024/06/06 12:31:20 At Home
INFO	2024/06/06 12:31:21 Deleted Task of ID: 58
INFO	2024/06/06 12:31:21 At Home
INFO	2024/06/06 12:31:22 Deleted Task of ID: 59
INFO	2024/06/06 12:31:22 At Home
INFO	2024/06/06 12:31:40 At Home
